2026-03-25 15:40:14 Loaded main app package /usr/lib/obsidian/obsidian.asar
2026-03-25 15:40:14 Checking for update using Github
2026-03-25 15:40:14 Success.
2026-03-25 15:40:14 Latest version is 1.12.7
2026-03-25 15:40:14 App is up to date.
2026-03-25 19:29:26 Loaded main app package /usr/lib/obsidian/obsidian.asar
2026-03-25 19:29:26 Checking for update using Github
2026-03-25 19:29:26 Success.
2026-03-25 19:29:26 Latest version is 1.12.7
2026-03-25 19:29:26 App is up to date.
2026-03-25 19:29:33 Loaded main app package /usr/lib/obsidian/obsidian.asar
2026-03-25 19:29:34 Checking for update using Github
2026-03-25 19:29:34 Success.
2026-03-25 19:29:34 Latest version is 1.12.7
2026-03-25 19:29:34 App is up to date.
2026-03-25 19:29:46 Loaded main app package /usr/lib/obsidian/obsidian.asar
2026-03-25 19:29:46 Checking for update using Github
2026-03-25 19:29:46 Success.
2026-03-25 19:29:46 Latest version is 1.12.7
2026-03-25 19:29:46 App is up to date.
2026-03-25 19:30:36 Loaded main app package /usr/lib/obsidian/obsidian.asar
2026-03-25 19:30:36 Checking for update using Github
2026-03-25 19:30:36 Success.
2026-03-25 19:30:36 Latest version is 1.12.7
2026-03-25 19:30:36 App is up to date.
2026-03-26 19:38:14 Loaded main app package /usr/lib/obsidian/obsidian.asar
2026-03-26 19:38:14 Checking for update using Github
2026-03-26 19:38:15 Success.
2026-03-26 19:38:15 Latest version is 1.12.7
2026-03-26 19:38:15 App is up to date.
2026-03-27 18:24:37 Loaded main app package /usr/lib/obsidian/obsidian.asar
2026-03-27 18:24:37 Checking for update using Github
2026-03-27 18:24:37 Success.
2026-03-27 18:24:37 Latest version is 1.12.7
2026-03-27 18:24:37 App is up to date.
2026-03-27 19:04:36 Loaded main app package /usr/lib/obsidian/obsidian.asar
2026-03-27 19:04:36 Checking for update using Github
2026-03-27 19:04:37 Success.
2026-03-27 19:04:37 Latest version is 1.12.7
2026-03-27 19:04:37 App is up to date.
2026-03-27 19:05:04 Loaded main app package /usr/lib/obsidian/obsidian.asar
2026-03-27 19:05:04 Checking for update using Github
2026-03-27 19:05:04 Success.
2026-03-27 19:05:04 Latest version is 1.12.7
2026-03-27 19:05:04 App is up to date.
2026-03-27 19:06:20 Loaded main app package /usr/lib/obsidian/obsidian.asar
2026-03-28 06:55:35 Loaded main app package /usr/lib/obsidian/obsidian.asar
2026-03-28 06:55:35 Checking for update using Github
2026-03-28 06:55:35 Success.
2026-03-28 06:55:35 Latest version is 1.12.7
2026-03-28 06:55:35 App is up to date.
2026-03-28 06:57:29 Loaded main app package /usr/lib/obsidian/obsidian.asar
2026-03-28 06:57:29 Checking for update using Github
2026-03-28 06:57:29 Success.
2026-03-28 06:57:29 Latest version is 1.12.7
2026-03-28 06:57:29 App is up to date.
2026-03-28 07:03:10 Loaded main app package /usr/lib/obsidian/obsidian.asar
2026-03-28 07:03:10 Checking for update using Github
2026-03-28 07:03:10 Success.
2026-03-28 07:03:10 Latest version is 1.12.7
2026-03-28 07:03:10 App is up to date.
2026-03-28 08:43:17 Loaded main app package /usr/lib/obsidian/obsidian.asar
2026-03-28 08:43:17 Checking for update using Github
2026-03-28 08:43:17 Success.
2026-03-28 08:43:17 Latest version is 1.12.7
2026-03-28 08:43:17 App is up to date.
2026-03-28 18:28:03 Loaded main app package /usr/lib/obsidian/obsidian.asar
2026-03-28 18:28:03 Checking for update using Github
2026-03-28 18:28:04 Success.
2026-03-28 18:28:04 Latest version is 1.12.7
2026-03-28 18:28:04 App is up to date.
2026-03-28 18:28:09 Loaded main app package /usr/lib/obsidian/obsidian.asar
2026-03-28 18:28:09 Checking for update using Github
2026-03-28 18:28:09 Success.
2026-03-28 18:28:09 Latest version is 1.12.7
2026-03-28 18:28:09 App is up to date.
2026-03-28 18:43:28 Loaded main app package /usr/lib/obsidian/obsidian.asar
2026-03-28 18:43:28 Checking for update using Github
2026-03-28 18:43:29 Success.
2026-03-28 18:43:29 Latest version is 1.12.7
2026-03-28 18:43:29 App is up to date.
2026-03-29 06:46:57 Loaded main app package /usr/lib/obsidian/obsidian.asar
2026-03-29 06:46:57 Checking for update using Github
2026-03-29 06:46:57 Success.
2026-03-29 06:46:57 Latest version is 1.12.7
2026-03-29 06:46:57 App is up to date.
2026-03-29 10:09:21 Loaded main app package /usr/lib/obsidian/obsidian.asar
2026-03-29 10:09:21 Checking for update using Github
2026-03-29 10:09:21 Success.
2026-03-29 10:09:21 Latest version is 1.12.7
2026-03-29 10:09:21 App is up to date.
2026-03-29 20:17:14 Loaded main app package /usr/lib/obsidian/obsidian.asar
2026-03-29 20:17:14 Checking for update using Github
2026-03-29 20:17:19 Success.
2026-03-29 20:17:19 Latest version is 1.12.7
2026-03-29 20:17:19 App is up to date.
2026-03-30 11:54:35 Loaded main app package /usr/lib/obsidian/obsidian.asar
2026-03-30 11:54:35 Checking for update using Github
2026-03-30 11:54:36 Success.
2026-03-30 11:54:36 Latest version is 1.12.7
2026-03-30 11:54:36 App is up to date.
2026-03-30 12:49:33 Loaded main app package /usr/lib/obsidian/obsidian.asar
2026-03-30 12:49:33 Checking for update using Github
2026-03-30 12:49:34 Success.
2026-03-30 12:49:34 Latest version is 1.12.7
2026-03-30 12:49:34 App is up to date.
2026-03-30 13:49:33 Checking for update using Github
2026-03-30 13:49:34 Success.
2026-03-30 13:49:34 Latest version is 1.12.7
2026-03-30 13:49:34 App is up to date.
2026-03-31 10:03:33 Loaded main app package /usr/lib/obsidian/obsidian.asar
2026-03-31 10:03:33 Checking for update using Github
2026-03-31 10:03:34 Success.
2026-03-31 10:03:34 Latest version is 1.12.7
2026-03-31 10:03:34 App is up to date.
2026-03-31 11:03:33 Checking for update using Github
2026-03-31 11:03:33 Success.
2026-03-31 11:03:33 Latest version is 1.12.7
2026-03-31 11:03:33 App is up to date.
2026-03-31 12:32:08 Loaded main app package /usr/lib/obsidian/obsidian.asar
2026-03-31 12:32:08 Checking for update using Github
2026-03-31 12:32:08 Success.
2026-03-31 12:32:08 Latest version is 1.12.7
2026-03-31 12:32:08 App is up to date.
2026-04-01 06:50:19 Loaded main app package /usr/lib/obsidian/obsidian.asar
2026-04-01 06:50:19 Checking for update using Github
2026-04-01 06:50:19 Success.
2026-04-01 06:50:19 Latest version is 1.12.7
2026-04-01 06:50:19 App is up to date.
2026-04-01 10:11:50 Loaded main app package /usr/lib/obsidian/obsidian.asar
2026-04-01 10:11:50 Checking for update using Github
2026-04-01 10:11:51 Success.
2026-04-01 10:11:51 Latest version is 1.12.7
2026-04-01 10:11:51 App is up to date.
2026-04-01 11:11:50 Checking for update using Github
2026-04-01 11:11:50 Success.
2026-04-01 11:11:50 Latest version is 1.12.7
2026-04-01 11:11:50 App is up to date.
2026-04-01 14:39:34 Loaded main app package /usr/lib/obsidian/obsidian.asar
2026-04-01 14:39:35 Checking for update using Github
2026-04-01 14:39:35 Success.
2026-04-01 14:39:35 Latest version is 1.12.7
2026-04-01 14:39:35 App is up to date.
2026-04-02 08:50:42 Loaded main app package /usr/lib/obsidian/obsidian.asar
2026-04-02 08:50:43 Checking for update using Github
2026-04-02 08:50:43 Success.
2026-04-02 08:50:43 Latest version is 1.12.7
2026-04-02 08:50:43 App is up to date.
2026-04-02 09:30:45 Loaded main app package /usr/lib/obsidian/obsidian.asar
2026-04-02 09:30:46 Checking for update using Github
2026-04-02 09:30:46 Success.
2026-04-02 09:30:46 Latest version is 1.12.7
2026-04-02 09:30:46 App is up to date.
2026-04-02 16:47:22 Loaded main app package /usr/lib/obsidian/obsidian.asar
2026-04-02 16:47:22 Checking for update using Github
2026-04-02 16:47:23 Success.
2026-04-02 16:47:23 Latest version is 1.12.7
2026-04-02 16:47:23 App is up to date.
2026-04-02 17:47:22 Checking for update using Github
2026-04-02 17:47:22 Success.
2026-04-02 17:47:22 Latest version is 1.12.7
2026-04-02 17:47:22 App is up to date.
2026-04-03 08:43:13 Loaded main app package /usr/lib/obsidian/obsidian.asar
2026-04-03 08:43:13 Checking for update using Github
2026-04-03 08:43:14 Success.
2026-04-03 08:43:14 Latest version is 1.12.7
2026-04-03 08:43:14 App is up to date.
2026-04-03 09:43:13 Checking for update using Github
2026-04-03 09:43:13 Success.
2026-04-03 09:43:13 Latest version is 1.12.7
2026-04-03 09:43:13 App is up to date.
2026-04-03 17:28:22 Loaded main app package /usr/lib/obsidian/obsidian.asar
2026-04-03 17:28:22 Checking for update using Github
2026-04-03 17:28:22 Success.
2026-04-03 17:28:22 Latest version is 1.12.7
2026-04-03 17:28:22 App is up to date.
2026-04-04 08:29:37 Loaded main app package /usr/lib/obsidian/obsidian.asar
2026-04-04 08:29:38 Checking for update using Github
2026-04-04 08:29:38 Success.
2026-04-04 08:29:38 Latest version is 1.12.7
2026-04-04 08:29:38 App is up to date.
2026-04-04 09:04:45 Loaded main app package /usr/lib/obsidian/obsidian.asar
2026-04-04 09:04:45 Checking for update using Github
2026-04-04 09:04:46 Success.
2026-04-04 09:04:46 Latest version is 1.12.7
2026-04-04 09:04:46 App is up to date.
2026-04-06 18:39:15 Loaded main app package /usr/lib/obsidian/obsidian.asar
2026-04-06 18:39:15 Checking for update using Github
2026-04-06 18:39:15 Success.
2026-04-06 18:39:15 Latest version is 1.12.7
2026-04-06 18:39:15 App is up to date.
2026-04-07 16:07:00 Loaded main app package /usr/lib/obsidian/obsidian.asar
2026-04-07 16:07:00 Checking for update using Github
2026-04-07 16:07:00 Success.
2026-04-07 16:07:00 Latest version is 1.12.7
2026-04-07 16:07:00 App is up to date.
2026-04-07 16:15:10 Loaded main app package /usr/lib/obsidian/obsidian.asar
2026-04-07 16:15:10 Checking for update using Github
2026-04-07 16:15:10 Success.
2026-04-07 16:15:10 Latest version is 1.12.7
2026-04-07 16:15:10 App is up to date.
2026-04-07 16:20:12 Loaded main app package /usr/lib/obsidian/obsidian.asar
2026-04-07 16:20:12 Checking for update using Github
2026-04-07 16:20:12 Success.
2026-04-07 16:20:12 Latest version is 1.12.7
2026-04-07 16:20:12 App is up to date.
2026-04-07 16:22:09 Loaded main app package /usr/lib/obsidian/obsidian.asar
2026-04-07 16:22:09 Checking for update using Github
2026-04-07 16:22:09 Success.
2026-04-07 16:22:09 Latest version is 1.12.7
2026-04-07 16:22:09 App is up to date.
2026-04-07 16:22:33 Loaded main app package /usr/lib/obsidian/obsidian.asar
2026-04-07 16:22:33 Checking for update using Github
2026-04-07 16:22:33 Success.
2026-04-07 16:22:33 Latest version is 1.12.7
2026-04-07 16:22:33 App is up to date.
2026-04-07 16:22:57 Loaded main app package /usr/lib/obsidian/obsidian.asar
2026-04-07 16:22:57 Checking for update using Github
2026-04-07 16:22:57 Success.
2026-04-07 16:22:57 Latest version is 1.12.7
2026-04-07 16:22:57 App is up to date.
2026-04-07 17:53:52 Loaded main app package /usr/lib/obsidian/obsidian.asar
2026-04-07 17:53:53 Checking for update using Github
2026-04-07 17:53:53 Success.
2026-04-07 17:53:53 Latest version is 1.12.7
2026-04-07 17:53:53 App is up to date.
2026-04-08 14:23:21 Loaded main app package /usr/lib/obsidian/obsidian.asar
2026-04-08 14:23:21 Checking for update using Github
2026-04-08 14:23:22 Success.
2026-04-08 14:23:22 Latest version is 1.12.7
2026-04-08 14:23:22 App is up to date.
2026-04-11 16:22:41 Loaded main app package /usr/lib/obsidian/obsidian.asar
2026-04-11 16:22:41 Checking for update using Github
2026-04-11 16:22:41 Success.
2026-04-11 16:22:41 Latest version is 1.12.7
2026-04-11 16:22:41 App is up to date.
2026-04-12 15:10:07 Loaded main app package /usr/lib/obsidian/obsidian.asar
2026-04-12 15:10:07 Checking for update using Github
2026-04-12 15:10:08 Success.
2026-04-12 15:10:08 Latest version is 1.12.7
2026-04-12 15:10:08 App is up to date.
2026-04-12 15:23:38 Loaded main app package /usr/lib/obsidian/obsidian.asar
2026-04-12 15:23:38 Checking for update using Github
2026-04-12 15:23:38 Success.
2026-04-12 15:23:38 Latest version is 1.12.7
2026-04-12 15:23:38 App is up to date.
2026-04-12 15:23:43 Loaded main app package /usr/lib/obsidian/obsidian.asar
2026-04-12 15:23:43 Checking for update using Github
2026-04-12 15:23:43 Success.
2026-04-12 15:23:43 Latest version is 1.12.7
2026-04-12 15:23:43 App is up to date.
2026-04-12 15:33:00 Loaded main app package /usr/lib/obsidian/obsidian.asar
2026-04-12 15:33:00 Checking for update using Github
2026-04-12 15:33:01 Success.
2026-04-12 15:33:01 Latest version is 1.12.7
2026-04-12 15:33:01 App is up to date.
2026-04-12 15:33:05 Loaded main app package /usr/lib/obsidian/obsidian.asar
2026-04-12 15:33:06 Checking for update using Github
2026-04-12 15:33:06 Success.
2026-04-12 15:33:06 Latest version is 1.12.7
2026-04-12 15:33:06 App is up to date.
2026-04-12 15:40:29 Loaded main app package /usr/lib/obsidian/obsidian.asar
2026-04-12 15:40:29 Checking for update using Github
2026-04-12 15:40:30 Success.
2026-04-12 15:40:30 Latest version is 1.12.7
2026-04-12 15:40:30 App is up to date.
